{
  "stats": {
    "suites": 1,
    "tests": 8,
    "passes": 6,
    "pending": 0,
    "failures": 2,
    "start": "2022-11-03T14:19:00.352Z",
    "end": "2022-11-03T14:19:44.350Z",
    "duration": 43998,
    "testsRegistered": 8,
    "passPercent": 75,
    "pendingPercent": 0,
    "other": 0,
    "hasOther": false,
    "skipped": 0,
    "hasSkipped": false
  },
  "results": [
    {
      "uuid": "d29ada4f-c6b8-4b39-810c-5ee2c94c8407",
      "title": "",
      "fullFile": "cypress\\e2e\\3-ALURAPIC\\alurapic.cy.js",
      "file": "cypress\\e2e\\3-ALURAPIC\\alurapic.cy.js",
      "beforeHooks": [],
      "afterHooks": [],
      "tests": [],
      "suites": [
        {
          "uuid": "0cc1e8ea-ff6a-48e1-b8c8-0d796024f0fc",
          "title": "Login e registro de usuarios alura pic",
          "fullFile": "",
          "file": "",
          "beforeHooks": [],
          "afterHooks": [],
          "tests": [
            {
              "title": "Validação mensagens campos vazios",
              "fullTitle": "Login e registro de usuarios alura pic Validação mensagens campos vazios",
              "timedOut": null,
              "duration": 12733,
              "state": "passed",
              "speed": "slow",
              "pass": true,
              "fail": false,
              "pending": false,
              "context": null,
              "code": "//defaultCommandTimeout: 10000\ncy.contains('a', 'Register now').click();\ncy.contains('button', 'Register').click();\ncy.contains('ap-vmessage', 'Email is required!').should('be.visible');\ncy.contains('button', 'Register').click();\ncy.contains('ap-vmessage', 'Full name is required!').should('be.visible');\ncy.contains('button', 'Register').click();\ncy.contains('ap-vmessage', 'User name is required!').should('be.visible');\ncy.contains('button', 'Register').click();\ncy.contains('ap-vmessage', 'Password is required!').should('be.visible');",
              "err": {},
              "uuid": "bc33d794-c045-432c-8ca0-bc9fd136aea6",
              "parentUUID": "0cc1e8ea-ff6a-48e1-b8c8-0d796024f0fc",
              "isHook": false,
              "skipped": false
            },
            {
              "title": "Verifica mensagem e-mail invalido",
              "fullTitle": "Login e registro de usuarios alura pic Verifica mensagem e-mail invalido",
              "timedOut": null,
              "duration": 2711,
              "state": "passed",
              "speed": "fast",
              "pass": true,
              "fail": false,
              "pending": false,
              "context": null,
              "code": "//defaultCommandTimeout: 10000\ncy.contains('a', 'Register now').click();\ncy.contains('button', 'Register').click();\ncy.get('input[formcontrolname=\"email\"]').type('nicole');\ncy.contains('button', 'Register').click();\ncy.contains('ap-vmessage', 'Invalid e-mail').should('be.visible');",
              "err": {},
              "uuid": "b53f76b5-f645-4677-85da-b89a4324bc6e",
              "parentUUID": "0cc1e8ea-ff6a-48e1-b8c8-0d796024f0fc",
              "isHook": false,
              "skipped": false
            },
            {
              "title": "Verifica mensagem caracteres minimos campo nome",
              "fullTitle": "Login e registro de usuarios alura pic Verifica mensagem caracteres minimos campo nome",
              "timedOut": null,
              "duration": 2969,
              "state": "passed",
              "speed": "fast",
              "pass": true,
              "fail": false,
              "pending": false,
              "context": null,
              "code": "//defaultCommandTimeout: 10000\ncy.contains('a', 'Register now').click();\ncy.contains('button', 'Register').click();\ncy.get('input[formcontrolname=\"fullName\"]').type('q');\ncy.contains('button', 'Register').click();\ncy.contains('ap-vmessage', 'Mininum length is 2').should('be.visible');",
              "err": {},
              "uuid": "e94c28dd-f836-468c-8769-7c90c0a35404",
              "parentUUID": "0cc1e8ea-ff6a-48e1-b8c8-0d796024f0fc",
              "isHook": false,
              "skipped": false
            },
            {
              "title": "Verifica mensagem caracteres minimos campo user name",
              "fullTitle": "Login e registro de usuarios alura pic Verifica mensagem caracteres minimos campo user name",
              "timedOut": null,
              "duration": 2503,
              "state": "passed",
              "speed": "fast",
              "pass": true,
              "fail": false,
              "pending": false,
              "context": null,
              "code": "//defaultCommandTimeout: 10000\ncy.contains('a', 'Register now').click();\ncy.contains('button', 'Register').click();\ncy.get('input[formcontrolname=\"userName\"]').type('q');\ncy.contains('button', 'Register').click();\ncy.contains('ap-vmessage', 'Mininum length is 2').should('be.visible');",
              "err": {},
              "uuid": "207a4199-307b-40b7-8814-888a78b8e1ea",
              "parentUUID": "0cc1e8ea-ff6a-48e1-b8c8-0d796024f0fc",
              "isHook": false,
              "skipped": false
            },
            {
              "title": "Verifica mensagem caracteres minimos campo password",
              "fullTitle": "Login e registro de usuarios alura pic Verifica mensagem caracteres minimos campo password",
              "timedOut": null,
              "duration": 2080,
              "state": "passed",
              "speed": "fast",
              "pass": true,
              "fail": false,
              "pending": false,
              "context": null,
              "code": "//defaultCommandTimeout: 10000\ncy.contains('a', 'Register now').click();\ncy.contains('button', 'Register').click();\ncy.get('input[formcontrolname=\"password\"]').type('111');\ncy.contains('button', 'Register').click();\ncy.contains('ap-vmessage', 'Mininum length is 8').should('be.visible');",
              "err": {},
              "uuid": "9a1414c2-a9e1-4f8d-ac51-5c98d17251c9",
              "parentUUID": "0cc1e8ea-ff6a-48e1-b8c8-0d796024f0fc",
              "isHook": false,
              "skipped": false
            },
            {
              "title": "Verifica caracteres numéricos no campo full name",
              "fullTitle": "Login e registro de usuarios alura pic Verifica caracteres numéricos no campo full name",
              "timedOut": null,
              "duration": 7069,
              "state": "failed",
              "speed": null,
              "pass": false,
              "fail": true,
              "pending": false,
              "context": null,
              "code": "//defaultCommandTimeout: 10000\ncy.contains('a', 'Register now').click();\ncy.contains('button', 'Register').click();\ncy.get('input[formcontrolname=\"password\"]').type('11111');\ncy.contains('button', 'Register').click();\ncy.contains('ap-vmessage', 'Numbers are not allowed').should('be.visible');",
              "err": {
                "message": "AssertionError: Timed out retrying after 4000ms: Expected to find content: 'Numbers are not allowed' within the selector: 'ap-vmessage' but never did.",
                "estack": "AssertionError: Timed out retrying after 4000ms: Expected to find content: 'Numbers are not allowed' within the selector: 'ap-vmessage' but never did.\n    at Context.eval (webpack:///./cypress/e2e/3-ALURAPIC/alurapic.cy.js:61:62)",
                "diff": null
              },
              "uuid": "1b617f14-0a9e-4dee-921b-d1ecca73bcb1",
              "parentUUID": "0cc1e8ea-ff6a-48e1-b8c8-0d796024f0fc",
              "isHook": false,
              "skipped": false
            },
            {
              "title": "Verifica caracteres especiais no campo full name",
              "fullTitle": "Login e registro de usuarios alura pic Verifica caracteres especiais no campo full name",
              "timedOut": null,
              "duration": 7079,
              "state": "failed",
              "speed": null,
              "pass": false,
              "fail": true,
              "pending": false,
              "context": null,
              "code": "//defaultCommandTimeout: 10000\ncy.contains('a', 'Register now').click();\ncy.contains('button', 'Register').click();\ncy.get('input[formcontrolname=\"fullName\"]').type('####');\ncy.contains('button', 'Register').click();\ncy.contains('ap-vmessage', 'Special characters are not allowed').should('be.visible');",
              "err": {
                "message": "AssertionError: Timed out retrying after 4000ms: Expected to find content: 'Special characters are not allowed' within the selector: 'ap-vmessage' but never did.",
                "estack": "AssertionError: Timed out retrying after 4000ms: Expected to find content: 'Special characters are not allowed' within the selector: 'ap-vmessage' but never did.\n    at Context.eval (webpack:///./cypress/e2e/3-ALURAPIC/alurapic.cy.js:70:73)",
                "diff": null
              },
              "uuid": "60d3a1df-8542-43ad-864e-03c21aa5ec42",
              "parentUUID": "0cc1e8ea-ff6a-48e1-b8c8-0d796024f0fc",
              "isHook": false,
              "skipped": false
            },
            {
              "title": "Verifica caracteres caixa baixa no campo user name",
              "fullTitle": "Login e registro de usuarios alura pic Verifica caracteres caixa baixa no campo user name",
              "timedOut": null,
              "duration": 2588,
              "state": "passed",
              "speed": "fast",
              "pass": true,
              "fail": false,
              "pending": false,
              "context": null,
              "code": "//defaultCommandTimeout: 10000\ncy.contains('a', 'Register now').click();\ncy.contains('button', 'Register').click();\ncy.get('input[formcontrolname=\"userName\"]').type('Aa');\ncy.contains('button', 'Register').click();\ncy.contains('ap-vmessage', 'Must be lower case').should('be.visible');",
              "err": {},
              "uuid": "279fc464-1257-4cae-9819-ae5720e8d301",
              "parentUUID": "0cc1e8ea-ff6a-48e1-b8c8-0d796024f0fc",
              "isHook": false,
              "skipped": false
            }
          ],
          "suites": [],
          "passes": [
            "bc33d794-c045-432c-8ca0-bc9fd136aea6",
            "b53f76b5-f645-4677-85da-b89a4324bc6e",
            "e94c28dd-f836-468c-8769-7c90c0a35404",
            "207a4199-307b-40b7-8814-888a78b8e1ea",
            "9a1414c2-a9e1-4f8d-ac51-5c98d17251c9",
            "279fc464-1257-4cae-9819-ae5720e8d301"
          ],
          "failures": [
            "1b617f14-0a9e-4dee-921b-d1ecca73bcb1",
            "60d3a1df-8542-43ad-864e-03c21aa5ec42"
          ],
          "pending": [],
          "skipped": [],
          "duration": 39732,
          "root": false,
          "rootEmpty": false,
          "_timeout": 2000
        }
      ],
      "passes": [],
      "failures": [],
      "pending": [],
      "skipped": [],
      "duration": 0,
      "root": true,
      "rootEmpty": true,
      "_timeout": 2000
    }
  ],
  "meta": {
    "mocha": {
      "version": "7.0.1"
    },
    "mochawesome": {
      "options": {
        "quiet": false,
        "reportFilename": "mochawesome",
        "saveHtml": true,
        "saveJson": true,
        "consoleReporter": "spec",
        "useInlineDiffs": false,
        "code": true
      },
      "version": "7.1.3"
    },
    "marge": {
      "options": null,
      "version": "6.2.0"
    }
  }
}